<?xml version="1.0" encoding="UTF-8" ?>
<testsuite tests="27" failures="0" name="projetPOO01.Tests.TestClasseMere" time="0" errors="0" skipped="0">
  <properties>
    <property name="java.runtime.name" value="Java(TM) SE Runtime Environment"/>
    <property name="sun.boot.library.path" value="C:\Program Files\Java\jre1.8.0_161\bin"/>
    <property name="java.vm.version" value="25.161-b12"/>
    <property name="java.vm.vendor" value="Oracle Corporation"/>
    <property name="maven.multiModuleProjectDirectory" value="D:\Users\chris\eclipse-workspaceLyon2\junit04"/>
    <property name="java.vendor.url" value="http://java.oracle.com/"/>
    <property name="path.separator" value=";"/>
    <property name="guice.disable.misplaced.annotation.check" value="true"/>
    <property name="java.vm.name" value="Java HotSpot(TM) 64-Bit Server VM"/>
    <property name="file.encoding.pkg" value="sun.io"/>
    <property name="user.script" value=""/>
    <property name="user.country" value="FR"/>
    <property name="sun.java.launcher" value="SUN_STANDARD"/>
    <property name="sun.os.patch.level" value=""/>
    <property name="java.vm.specification.name" value="Java Virtual Machine Specification"/>
    <property name="user.dir" value="D:\Users\chris\eclipse-workspaceLyon2\junit04"/>
    <property name="java.runtime.version" value="1.8.0_161-b12"/>
    <property name="java.awt.graphicsenv" value="sun.awt.Win32GraphicsEnvironment"/>
    <property name="java.endorsed.dirs" value="C:\Program Files\Java\jre1.8.0_161\lib\endorsed"/>
    <property name="os.arch" value="amd64"/>
    <property name="java.io.tmpdir" value="C:\Users\chris\AppData\Local\Temp\"/>
    <property name="line.separator" value="
"/>
    <property name="java.vm.specification.vendor" value="Oracle Corporation"/>
    <property name="user.variant" value=""/>
    <property name="os.name" value="Windows 10"/>
    <property name="classworlds.conf" value="D:\Users\chris\eclipse-workspaceLyon2\.metadata\.plugins\org.eclipse.m2e.launching\launches\m2conf7489742668046103126.tmp"/>
    <property name="sun.jnu.encoding" value="Cp1252"/>
    <property name="java.library.path" value="C:\Program Files\Java\jre1.8.0_161\bin;C:\WINDOWS\Sun\Java\bin;C:\WINDOWS\system32;C:\WINDOWS;C:/Program Files/Java/jre1.8.0_161/bin/server;C:/Program Files/Java/jre1.8.0_161/bin;C:/Program Files/Java/jre1.8.0_161/lib/amd64;C:\ProgramData\Oracle\Java\javapath;C:\Program Files (x86)\Razer Chroma SDK\bin;C:\Program Files\Razer Chroma SDK\bin;C:\Program Files (x86)\Intel\Intel(R) Management Engine Components\iCLS\;C:\Program Files\Intel\Intel(R) Management Engine Components\iCLS\;C:\Windows\system32;C:\Windows;C:\Windows\System32\Wbem;C:\Windows\System32\WindowsPowerShell\v1.0\;C:\Windows\System32\OpenSSH\;C:\Program Files (x86)\Intel\Intel(R) Management Engine Components\DAL;C:\Program Files\Intel\Intel(R) Management Engine Components\DAL;C:\Program Files\Intel\WiFi\bin\;C:\Program Files\Common Files\Intel\WirelessCommon\;C:\Program Files (x86)\NVIDIA Corporation\PhysX\Common;C:\Users\Administrator\AppData\Local\Microsoft\WindowsApps;d:\Program Files\Microsoft VS Code\bin;D:\Program Files\Java\jdk1.8.0_161\bin;d:\Program Files\Git\cmd;C:\WINDOWS\system32;C:\WINDOWS;C:\WINDOWS\System32\Wbem;C:\WINDOWS\System32\WindowsPowerShell\v1.0\;C:\WINDOWS\System32\OpenSSH\;D:\Program Files\nodejs\;C:\Users\chris\AppData\Local\Microsoft\WindowsApps;d:\Users\chris\AppData\Local\Programs\Microsoft VS Code\bin;C:\Users\chris\AppData\Local\GitHubDesktop\bin;C:\Users\chris\AppData\Local\Microsoft\WindowsApps;C:\Users\chris\AppData\Roaming\npm;C:\Users\chris\OneDrive\Bureau;;."/>
    <property name="java.specification.name" value="Java Platform API Specification"/>
    <property name="java.class.version" value="52.0"/>
    <property name="sun.management.compiler" value="HotSpot 64-Bit Tiered Compilers"/>
    <property name="os.version" value="10.0"/>
    <property name="user.home" value="C:\Users\chris"/>
    <property name="user.timezone" value="Europe/Berlin"/>
    <property name="java.awt.printerjob" value="sun.awt.windows.WPrinterJob"/>
    <property name="java.specification.version" value="1.8"/>
    <property name="file.encoding" value="Cp1252"/>
    <property name="user.name" value="chris"/>
    <property name="java.class.path" value="C:\Users\chris\.p2\pool\plugins\org.eclipse.m2e.maven.runtime_1.13.0.20190716-1623\jars\plexus-classworlds-2.6.0.jar"/>
    <property name="java.vm.specification.version" value="1.8"/>
    <property name="sun.arch.data.model" value="64"/>
    <property name="java.home" value="C:\Program Files\Java\jre1.8.0_161"/>
    <property name="sun.java.command" value="org.codehaus.plexus.classworlds.launcher.Launcher -B test"/>
    <property name="java.specification.vendor" value="Oracle Corporation"/>
    <property name="user.language" value="fr"/>
    <property name="awt.toolkit" value="sun.awt.windows.WToolkit"/>
    <property name="java.vm.info" value="mixed mode"/>
    <property name="java.version" value="1.8.0_161"/>
    <property name="java.ext.dirs" value="C:\Program Files\Java\jre1.8.0_161\lib\ext;C:\WINDOWS\Sun\Java\lib\ext"/>
    <property name="sun.boot.class.path" value="C:\Program Files\Java\jre1.8.0_161\lib\resources.jar;C:\Program Files\Java\jre1.8.0_161\lib\rt.jar;C:\Program Files\Java\jre1.8.0_161\lib\sunrsasign.jar;C:\Program Files\Java\jre1.8.0_161\lib\jsse.jar;C:\Program Files\Java\jre1.8.0_161\lib\jce.jar;C:\Program Files\Java\jre1.8.0_161\lib\charsets.jar;C:\Program Files\Java\jre1.8.0_161\lib\jfr.jar;C:\Program Files\Java\jre1.8.0_161\classes"/>
    <property name="java.vendor" value="Oracle Corporation"/>
    <property name="maven.home" value="D:\Users\chris\eclipse-workspaceLyon2\junit04\EMBEDDED"/>
    <property name="file.separator" value="\"/>
    <property name="java.vendor.url.bug" value="http://bugreport.sun.com/bugreport/"/>
    <property name="sun.cpu.endian" value="little"/>
    <property name="sun.io.unicode.encoding" value="UnicodeLittle"/>
    <property name="sun.desktop" value="windows"/>
    <property name="sun.cpu.isalist" value="amd64"/>
  </properties>
  <testcase classname="projetPOO01.Tests.testsPersonne" name="testSetCodepostal" time="0"/>
  <testcase classname="projetPOO01.Tests.testsPersonne" name="testGetVille" time="0"/>
  <testcase classname="projetPOO01.Tests.testsPersonne" name="testGetAdresse" time="0"/>
  <testcase classname="projetPOO01.Tests.testsPersonne" name="testSetAdresse" time="0"/>
  <testcase classname="projetPOO01.Tests.testsPersonne" name="testPersonne" time="0"/>
  <testcase classname="projetPOO01.Tests.testsPersonne" name="testSetPrenom" time="0"/>
  <testcase classname="projetPOO01.Tests.testsPersonne" name="testGetNom" time="0"/>
  <testcase classname="projetPOO01.Tests.testsPersonne" name="testGetPrenom" time="0"/>
  <testcase classname="projetPOO01.Tests.testsPersonne" name="testGetCodepostal" time="0"/>
  <testcase classname="projetPOO01.Tests.testsPersonne" name="testSetNom" time="0"/>
  <testcase classname="projetPOO01.Tests.testsPersonne" name="testSetVille" time="0"/>
  <testcase classname="projetPOO01.Tests.testsAchat" name="testSetIntituleAchat" time="0"/>
  <testcase classname="projetPOO01.Tests.testsAchat" name="testSetQuantiteAchat" time="0"/>
  <testcase classname="projetPOO01.Tests.testsAchat" name="testAchat" time="0"/>
  <testcase classname="projetPOO01.Tests.testsAchat" name="testToString" time="0"/>
  <testcase classname="projetPOO01.Tests.testsAchat" name="testGetDate" time="0"/>
  <testcase classname="projetPOO01.Tests.testsAchat" name="testGetIntituleAchat" time="0"/>
  <testcase classname="projetPOO01.Tests.testsAchat" name="testGetQuantiteAchat" time="0"/>
  <testcase classname="projetPOO01.Tests.testsAchat" name="testSetDate" time="0"/>
  <testcase classname="projetPOO01.Tests.testsCommande" name="testGetIntitulecommande" time="0"/>
  <testcase classname="projetPOO01.Tests.testsCommande" name="testGetQuantiteCommande" time="0"/>
  <testcase classname="projetPOO01.Tests.testsCommande" name="testToString" time="0"/>
  <testcase classname="projetPOO01.Tests.testsCommande" name="testGetDate" time="0"/>
  <testcase classname="projetPOO01.Tests.testsCommande" name="testcommande" time="0"/>
  <testcase classname="projetPOO01.Tests.testsCommande" name="testSetIntitulecommande" time="0"/>
  <testcase classname="projetPOO01.Tests.testsCommande" name="testSetQuantiteCommande" time="0"/>
  <testcase classname="projetPOO01.Tests.testsCommande" name="testSetDate" time="0"/>
</testsuite>